Added Component: Designator=C1(CAP 2.0*5*11)
Add component (AddParameter): Name = "BOM名称"; Value = "直插电解电容"; VariantName = "[No Variations]"
Add component (AddParameter): Name = "下单链接"; Value = "https://item.taobao.com/item.htm?ft=t&id=613637044352"; VariantName = "[No Variations]"
Add component (AddParameter): Name = "淘宝ID"; Value = "小糖豆的小窝窝"; VariantName = "[No Variations]"
Added Component: Designator=C2(CAP 2.0*5*11)
Add component (AddParameter): Name = "BOM名称"; Value = "直插电解电容"; VariantName = "[No Variations]"
Add component (AddParameter): Name = "下单链接"; Value = "https://item.taobao.com/item.htm?ft=t&id=613637044352"; VariantName = "[No Variations]"
Add component (AddParameter): Name = "淘宝ID"; Value = "小糖豆的小窝窝"; VariantName = "[No Variations]"
Added Component: Designator=C3(CAP 2.0*5*11)
Add component (AddParameter): Name = "BOM名称"; Value = "直插电解电容"; VariantName = "[No Variations]"
Add component (AddParameter): Name = "下单链接"; Value = "https://item.taobao.com/item.htm?ft=t&id=613637044352"; VariantName = "[No Variations]"
Add component (AddParameter): Name = "淘宝ID"; Value = "小糖豆的小窝窝"; VariantName = "[No Variations]"
Added Component: Designator=C4(CAP 2.0*5*11)
Add component (AddParameter): Name = "BOM名称"; Value = "直插电解电容"; VariantName = "[No Variations]"
Add component (AddParameter): Name = "下单链接"; Value = "https://item.taobao.com/item.htm?ft=t&id=613637044352"; VariantName = "[No Variations]"
Add component (AddParameter): Name = "淘宝ID"; Value = "小糖豆的小窝窝"; VariantName = "[No Variations]"
Added Component: Designator=C5(C 0805_M)
Add component (AddParameter): Name = "BOM名称"; Value = "贴片电容"; VariantName = "[No Variations]"
Add component (AddParameter): Name = "下单链接"; Value = "https://item.taobao.com/item.htm?ft=t&id=613637044352"; VariantName = "[No Variations]"
Add component (AddParameter): Name = "淘宝ID"; Value = "小糖豆的小窝窝"; VariantName = "[No Variations]"
Added Component: Designator=C6(C 0805_M)
Add component (AddParameter): Name = "BOM名称"; Value = "贴片电容"; VariantName = "[No Variations]"
Add component (AddParameter): Name = "下单链接"; Value = "https://item.taobao.com/item.htm?ft=t&id=613637044352"; VariantName = "[No Variations]"
Add component (AddParameter): Name = "淘宝ID"; Value = "小糖豆的小窝窝"; VariantName = "[No Variations]"
Added Component: Designator=C7(C 0805_M)
Add component (AddParameter): Name = "BOM名称"; Value = "贴片电容"; VariantName = "[No Variations]"
Add component (AddParameter): Name = "下单链接"; Value = "https://item.taobao.com/item.htm?ft=t&id=613637044352"; VariantName = "[No Variations]"
Add component (AddParameter): Name = "淘宝ID"; Value = "小糖豆的小窝窝"; VariantName = "[No Variations]"
Added Component: Designator=C8(C 0805_M)
Add component (AddParameter): Name = "BOM名称"; Value = "贴片电容"; VariantName = "[No Variations]"
Add component (AddParameter): Name = "下单链接"; Value = "https://item.taobao.com/item.htm?ft=t&id=613637044352"; VariantName = "[No Variations]"
Add component (AddParameter): Name = "淘宝ID"; Value = "小糖豆的小窝窝"; VariantName = "[No Variations]"
Added Component: Designator=C9(CAP 2.0*5*11)
Add component (AddParameter): Name = "BOM名称"; Value = "直插电解电容"; VariantName = "[No Variations]"
Add component (AddParameter): Name = "下单链接"; Value = "https://item.taobao.com/item.htm?ft=t&id=613637044352"; VariantName = "[No Variations]"
Add component (AddParameter): Name = "淘宝ID"; Value = "小糖豆的小窝窝"; VariantName = "[No Variations]"
Added Component: Designator=C10(CAP 2.0*5*11)
Add component (AddParameter): Name = "BOM名称"; Value = "直插电解电容"; VariantName = "[No Variations]"
Add component (AddParameter): Name = "下单链接"; Value = "https://item.taobao.com/item.htm?ft=t&id=613637044352"; VariantName = "[No Variations]"
Add component (AddParameter): Name = "淘宝ID"; Value = "小糖豆的小窝窝"; VariantName = "[No Variations]"
Added Component: Designator=C11(CAP 2.0*5*11)
Add component (AddParameter): Name = "BOM名称"; Value = "直插电解电容"; VariantName = "[No Variations]"
Add component (AddParameter): Name = "下单链接"; Value = "https://item.taobao.com/item.htm?ft=t&id=613637044352"; VariantName = "[No Variations]"
Add component (AddParameter): Name = "淘宝ID"; Value = "小糖豆的小窝窝"; VariantName = "[No Variations]"
Added Component: Designator=C12(CAP 2.0*5*11)
Add component (AddParameter): Name = "BOM名称"; Value = "直插电解电容"; VariantName = "[No Variations]"
Add component (AddParameter): Name = "下单链接"; Value = "https://item.taobao.com/item.htm?ft=t&id=613637044352"; VariantName = "[No Variations]"
Add component (AddParameter): Name = "淘宝ID"; Value = "小糖豆的小窝窝"; VariantName = "[No Variations]"
Added Component: Designator=C13(C 0805_M)
Add component (AddParameter): Name = "BOM名称"; Value = "贴片电容"; VariantName = "[No Variations]"
Add component (AddParameter): Name = "下单链接"; Value = "https://item.taobao.com/item.htm?ft=t&id=613637044352"; VariantName = "[No Variations]"
Add component (AddParameter): Name = "淘宝ID"; Value = "小糖豆的小窝窝"; VariantName = "[No Variations]"
Added Component: Designator=C14(C 0805_M)
Add component (AddParameter): Name = "BOM名称"; Value = "贴片电容"; VariantName = "[No Variations]"
Add component (AddParameter): Name = "下单链接"; Value = "https://item.taobao.com/item.htm?ft=t&id=613637044352"; VariantName = "[No Variations]"
Add component (AddParameter): Name = "淘宝ID"; Value = "小糖豆的小窝窝"; VariantName = "[No Variations]"
Added Component: Designator=C15(C 0805_M)
Add component (AddParameter): Name = "BOM名称"; Value = "贴片电容"; VariantName = "[No Variations]"
Add component (AddParameter): Name = "下单链接"; Value = "https://item.taobao.com/item.htm?ft=t&id=613637044352"; VariantName = "[No Variations]"
Add component (AddParameter): Name = "淘宝ID"; Value = "小糖豆的小窝窝"; VariantName = "[No Variations]"
Added Component: Designator=C16(C 0805_M)
Add component (AddParameter): Name = "BOM名称"; Value = "贴片电容"; VariantName = "[No Variations]"
Add component (AddParameter): Name = "下单链接"; Value = "https://item.taobao.com/item.htm?ft=t&id=613637044352"; VariantName = "[No Variations]"
Add component (AddParameter): Name = "淘宝ID"; Value = "小糖豆的小窝窝"; VariantName = "[No Variations]"
Added Component: Designator=P1(HDR1X3)
Add component (AddParameter): Name = "LatestRevisionDate"; Value = "17-Jul-2002"; VariantName = "[No Variations]"
Add component (AddParameter): Name = "LatestRevisionNote"; Value = "Re-released for DXP Platform."; VariantName = "[No Variations]"
Add component (AddParameter): Name = "Publisher"; Value = "Altium Limited"; VariantName = "[No Variations]"
Added Component: Designator=P2(HDR1X2)
Add component (AddParameter): Name = "LatestRevisionDate"; Value = "17-Jul-2002"; VariantName = "[No Variations]"
Add component (AddParameter): Name = "LatestRevisionNote"; Value = "Re-released for DXP Platform."; VariantName = "[No Variations]"
Add component (AddParameter): Name = "Publisher"; Value = "Altium Limited"; VariantName = "[No Variations]"
Added Component: Designator=P3(HDR1X2)
Add component (AddParameter): Name = "LatestRevisionDate"; Value = "17-Jul-2002"; VariantName = "[No Variations]"
Add component (AddParameter): Name = "LatestRevisionNote"; Value = "Re-released for DXP Platform."; VariantName = "[No Variations]"
Add component (AddParameter): Name = "Publisher"; Value = "Altium Limited"; VariantName = "[No Variations]"
Added Component: Designator=R1(RS 1/4W)
Add component (AddParameter): Name = "BOM名称"; Value = "色环电阻"; VariantName = "[No Variations]"
Add component (AddParameter): Name = "下单链接"; Value = "https://item.taobao.com/item.htm?ft=t&id=613637044352"; VariantName = "[No Variations]"
Add component (AddParameter): Name = "淘宝ID"; Value = "小糖豆的小窝窝"; VariantName = "[No Variations]"
Added Component: Designator=R2(RS 1/4W)
Add component (AddParameter): Name = "BOM名称"; Value = "色环电阻"; VariantName = "[No Variations]"
Add component (AddParameter): Name = "下单链接"; Value = "https://item.taobao.com/item.htm?ft=t&id=613637044352"; VariantName = "[No Variations]"
Add component (AddParameter): Name = "淘宝ID"; Value = "小糖豆的小窝窝"; VariantName = "[No Variations]"
Added Component: Designator=RP1(WH148-1-G15)
Add component (AddParameter): Name = "BOM名称"; Value = "单联电位器"; VariantName = "[No Variations]"
Add component (AddParameter): Name = "下单链接"; Value = "https://item.taobao.com/item.htm?ft=t&id=613637044352"; VariantName = "[No Variations]"
Add component (AddParameter): Name = "淘宝ID"; Value = "小糖豆的小窝窝"; VariantName = "[No Variations]"
Added Component: Designator=V?(TO220A)
Add component (AddParameter): Name = "BOM名称"; Value = "可调线性稳压芯片"; VariantName = "[No Variations]"
Add component (AddParameter): Name = "下单链接"; Value = "https://item.taobao.com/item.htm?ft=t&id=613637044352"; VariantName = "[No Variations]"
Add component (AddParameter): Name = "淘宝ID"; Value = "小糖豆的小窝窝"; VariantName = "[No Variations]"
Added Pin To Net: NetName=NetC1_1 Pin=C1-1
Added Pin To Net: NetName=NetC1_1 Pin=C2-1
Added Pin To Net: NetName=NetC1_1 Pin=C3-1
Added Pin To Net: NetName=NetC1_1 Pin=C4-1
Added Pin To Net: NetName=NetC1_1 Pin=C5-2
Added Pin To Net: NetName=NetC1_1 Pin=C6-2
Added Pin To Net: NetName=NetC1_1 Pin=C7-2
Added Pin To Net: NetName=NetC1_1 Pin=C8-2
Added Pin To Net: NetName=NetC1_1 Pin=P1-2
Added Pin To Net: NetName=NetC1_1 Pin=P3-1
Added Pin To Net: NetName=NetC1_1 Pin=V?-3
Added Net: Name=NetC1_1
Added Pin To Net: NetName=NetC1_2 Pin=C1-2
Added Pin To Net: NetName=NetC1_2 Pin=C2-2
Added Pin To Net: NetName=NetC1_2 Pin=C3-2
Added Pin To Net: NetName=NetC1_2 Pin=C4-2
Added Pin To Net: NetName=NetC1_2 Pin=C5-1
Added Pin To Net: NetName=NetC1_2 Pin=C6-1
Added Pin To Net: NetName=NetC1_2 Pin=C7-1
Added Pin To Net: NetName=NetC1_2 Pin=C8-1
Added Pin To Net: NetName=NetC1_2 Pin=C9-2
Added Pin To Net: NetName=NetC1_2 Pin=C10-2
Added Pin To Net: NetName=NetC1_2 Pin=C11-2
Added Pin To Net: NetName=NetC1_2 Pin=C12-2
Added Pin To Net: NetName=NetC1_2 Pin=C13-1
Added Pin To Net: NetName=NetC1_2 Pin=C14-1
Added Pin To Net: NetName=NetC1_2 Pin=C15-1
Added Pin To Net: NetName=NetC1_2 Pin=C16-1
Added Pin To Net: NetName=NetC1_2 Pin=P2-2
Added Pin To Net: NetName=NetC1_2 Pin=P3-2
Added Pin To Net: NetName=NetC1_2 Pin=RP1-1
Added Net: Name=NetC1_2
Added Pin To Net: NetName=NetC9_1 Pin=C9-1
Added Pin To Net: NetName=NetC9_1 Pin=C10-1
Added Pin To Net: NetName=NetC9_1 Pin=C11-1
Added Pin To Net: NetName=NetC9_1 Pin=C12-1
Added Pin To Net: NetName=NetC9_1 Pin=C13-2
Added Pin To Net: NetName=NetC9_1 Pin=C14-2
Added Pin To Net: NetName=NetC9_1 Pin=C15-2
Added Pin To Net: NetName=NetC9_1 Pin=C16-2
Added Pin To Net: NetName=NetC9_1 Pin=P1-3
Added Pin To Net: NetName=NetC9_1 Pin=P2-1
Added Pin To Net: NetName=NetC9_1 Pin=R1-1
Added Net: Name=NetC9_1
Added Pin To Net: NetName=NetP1_1 Pin=P1-1
Added Pin To Net: NetName=NetP1_1 Pin=R1-2
Added Pin To Net: NetName=NetP1_1 Pin=R2-2
Added Pin To Net: NetName=NetP1_1 Pin=V?-2
Added Net: Name=NetP1_1
Added Pin To Net: NetName=NetR2_1 Pin=R2-1
Added Pin To Net: NetName=NetR2_1 Pin=RP1-3
Added Net: Name=NetR2_1
Added Pin To Net: NetName=NetRP1_2 Pin=RP1-2
Added Pin To Net: NetName=NetRP1_2 Pin=V?-1
Added Net: Name=NetRP1_2
Added Class: Name=Sheet1
Added Room: Name=Sheet1
